# JRE version: Java(TM) SE Runtime Environment (9.0+11) (build 9.0.4+11)
# Java VM: Java HotSpot(TM) 64-Bit Server VM (9.0.4+11, mixed mode, tiered, compressed oops, g1 gc, windows-amd64)
Heap:
 garbage-first heap   total 131072K, used 57776K [0x0000000081a00000, 0x0000000081b00400, 0x0000000100000000)
  region size 1024K, 49 young (50176K), 2 survivors (2048K)
 Metaspace       used 24907K, capacity 26316K, committed 26444K, reserved 1073152K
  class space    used 3050K, capacity 3348K, committed 3404K, reserved 1048576K
GC Heap History (6 events):
Event: 1.521 GC heap before
{Heap before GC invocations=0 (full 0):
 garbage-first heap   total 131072K, used 25600K [0x0000000081a00000, 0x0000000081b00400, 0x0000000100000000)
  region size 1024K, 24 young (24576K), 0 survivors (0K)
 Metaspace       used 11479K, capacity 11948K, committed 12160K, reserved 1060864K
  class space    used 1207K, capacity 1320K, committed 1408K, reserved 1048576K
}
Event: 1.529 GC heap after
{Heap after GC invocations=1 (full 0):
 garbage-first heap   total 131072K, used 6583K [0x0000000081a00000, 0x0000000081b00400, 0x0000000100000000)
  region size 1024K, 3 young (3072K), 3 survivors (3072K)
 Metaspace       used 11479K, capacity 11948K, committed 12160K, reserved 1060864K
  class space    used 1207K, capacity 1320K, committed 1408K, reserved 1048576K
}
Event: 2.428 GC heap before
{Heap before GC invocations=1 (full 0):
 garbage-first heap   total 131072K, used 81335K [0x0000000081a00000, 0x0000000081b00400, 0x0000000100000000)
  region size 1024K, 76 young (77824K), 3 survivors (3072K)
 Metaspace       used 19797K, capacity 20902K, committed 21120K, reserved 1067008K
  class space    used 2383K, capacity 2613K, committed 2688K, reserved 1048576K
}
Event: 2.445 GC heap after
{Heap after GC invocations=2 (full 0):
 garbage-first heap   total 131072K, used 13608K [0x0000000081a00000, 0x0000000081b00400, 0x0000000100000000)
  region size 1024K, 10 young (10240K), 10 survivors (10240K)
 Metaspace       used 19797K, capacity 20902K, committed 21120K, reserved 1067008K
  class space    used 2383K, capacity 2613K, committed 2688K, reserved 1048576K
}
Event: 2.479 GC heap before
{Heap before GC invocations=2 (full 0):
 garbage-first heap   total 131072K, used 17704K [0x0000000081a00000, 0x0000000081b00400, 0x0000000100000000)
  region size 1024K, 15 young (15360K), 10 survivors (10240K)
 Metaspace       used 20148K, capacity 21226K, committed 21296K, reserved 1069056K
  class space    used 2440K, capacity 2679K, committed 2688K, reserved 1048576K
}
Event: 2.489 GC heap after
{Heap after GC invocations=3 (full 0):
 garbage-first heap   total 131072K, used 10672K [0x0000000081a00000, 0x0000000081b00400, 0x0000000100000000)
  region size 1024K, 2 young (2048K), 2 survivors (2048K)
 Metaspace       used 20148K, capacity 21226K, committed 21296K, reserved 1069056K
  class space    used 2440K, capacity 2679K, committed 2688K, reserved 1048576K
}

