# JRE version: OpenJDK Runtime Environment (8.0_152-b06) (build 1.8.0_152-release-1136-b06)
# Java VM: OpenJDK 64-Bit Server VM (25.152-b06 mixed mode windows-amd64 compressed oops)
Heap:
 PSYoungGen      total 146944K, used 36998K [0x00000000f5580000, 0x0000000100000000, 0x0000000100000000)
  eden space 130560K, 15% used [0x00000000f5580000,0x00000000f69a1ca0,0x00000000fd500000)
  from space 16384K, 99% used [0x00000000ff000000,0x00000000fffffce8,0x0000000100000000)
  to   space 22016K, 0% used [0x00000000fd500000,0x00000000fd500000,0x00000000fea80000)
 ParOldGen       total 152064K, used 47491K [0x00000000e0000000, 0x00000000e9480000, 0x00000000f5580000)
  object space 152064K, 31% used [0x00000000e0000000,0x00000000e2e60ce8,0x00000000e9480000)
 Metaspace       used 67697K, capacity 68939K, committed 69504K, reserved 1110016K
  class space    used 8877K, capacity 9220K, committed 9344K, reserved 1048576K
GC Heap History (10 events):
Event: 27.897 GC heap before
{Heap before GC invocations=91 (full 2):
 PSYoungGen      total 169472K, used 169464K [0x00000000f5580000, 0x0000000100000000, 0x0000000100000000)
  eden space 165376K, 100% used [0x00000000f5580000,0x00000000ff700000,0x00000000ff700000)
  from space 4096K, 99% used [0x00000000ffc00000,0x00000000ffffe3a0,0x0000000100000000)
  to   space 4608K, 0% used [0x00000000ff700000,0x00000000ff700000,0x00000000ffb80000)
 ParOldGen       total 91648K, used 45125K [0x00000000e0000000, 0x00000000e5980000, 0x00000000f5580000)
  object space 91648K, 49% used [0x00000000e0000000,0x00000000e2c11478,0x00000000e5980000)
 Metaspace       used 45250K, capacity 46016K, committed 46464K, reserved 1089536K
  class space    used 6011K, capacity 6248K, committed 6272K, reserved 1048576K
Event: 27.909 GC heap after
Heap after GC invocations=91 (full 2):
 PSYoungGen      total 169984K, used 4582K [0x00000000f5580000, 0x0000000100000000, 0x0000000100000000)
  eden space 165376K, 0% used [0x00000000f5580000,0x00000000f5580000,0x00000000ff700000)
  from space 4608K, 99% used [0x00000000ff700000,0x00000000ffb79a20,0x00000000ffb80000)
  to   space 4608K, 0% used [0x00000000ffb80000,0x00000000ffb80000,0x0000000100000000)
 ParOldGen       total 91648K, used 51302K [0x00000000e0000000, 0x00000000e5980000, 0x00000000f5580000)
  object space 91648K, 55% used [0x00000000e0000000,0x00000000e32198f0,0x00000000e5980000)
 Metaspace       used 45250K, capacity 46016K, committed 46464K, reserved 1089536K
  class space    used 6011K, capacity 6248K, committed 6272K, reserved 1048576K
}
Event: 30.071 GC heap before
{Heap before GC invocations=92 (full 2):
 PSYoungGen      total 169984K, used 169958K [0x00000000f5580000, 0x0000000100000000, 0x0000000100000000)
  eden space 165376K, 100% used [0x00000000f5580000,0x00000000ff700000,0x00000000ff700000)
  from space 4608K, 99% used [0x00000000ff700000,0x00000000ffb79a20,0x00000000ffb80000)
  to   space 4608K, 0% used [0x00000000ffb80000,0x00000000ffb80000,0x0000000100000000)
 ParOldGen       total 91648K, used 51302K [0x00000000e0000000, 0x00000000e5980000, 0x00000000f5580000)
  object space 91648K, 55% used [0x00000000e0000000,0x00000000e32198f0,0x00000000e5980000)
 Metaspace       used 51067K, capacity 51945K, committed 52480K, reserved 1095680K
  class space    used 6834K, capacity 7089K, committed 7168K, reserved 1048576K
Event: 30.095 GC heap after
Heap after GC invocations=92 (full 2):
 PSYoungGen      total 146432K, used 4579K [0x00000000f5580000, 0x0000000100000000, 0x0000000100000000)
  eden space 141824K, 0% used [0x00000000f5580000,0x00000000f5580000,0x00000000fe000000)
  from space 4608K, 99% used [0x00000000ffb80000,0x00000000ffff8d90,0x0000000100000000)
  to   space 16384K, 0% used [0x00000000fe000000,0x00000000fe000000,0x00000000ff000000)
 ParOldGen       total 91648K, used 75193K [0x00000000e0000000, 0x00000000e5980000, 0x00000000f5580000)
  object space 91648K, 82% used [0x00000000e0000000,0x00000000e496e7b8,0x00000000e5980000)
 Metaspace       used 51067K, capacity 51945K, committed 52480K, reserved 1095680K
  class space    used 6834K, capacity 7089K, committed 7168K, reserved 1048576K
}
Event: 31.232 GC heap before
{Heap before GC invocations=93 (full 2):
 PSYoungGen      total 146432K, used 94992K [0x00000000f5580000, 0x0000000100000000, 0x0000000100000000)
  eden space 141824K, 63% used [0x00000000f5580000,0x00000000fadcb668,0x00000000fe000000)
  from space 4608K, 99% used [0x00000000ffb80000,0x00000000ffff8d90,0x0000000100000000)
  to   space 16384K, 0% used [0x00000000fe000000,0x00000000fe000000,0x00000000ff000000)
 ParOldGen       total 91648K, used 75193K [0x00000000e0000000, 0x00000000e5980000, 0x00000000f5580000)
  object space 91648K, 82% used [0x00000000e0000000,0x00000000e496e7b8,0x00000000e5980000)
 Metaspace       used 57715K, capacity 58601K, committed 59136K, reserved 1099776K
  class space    used 7545K, capacity 7803K, committed 7936K, reserved 1048576K
Event: 31.246 GC heap after
Heap after GC invocations=93 (full 2):
 PSYoungGen      total 158208K, used 16357K [0x00000000f5580000, 0x0000000100000000, 0x0000000100000000)
  eden space 141824K, 0% used [0x00000000f5580000,0x00000000f5580000,0x00000000fe000000)
  from space 16384K, 99% used [0x00000000fe000000,0x00000000feff9538,0x00000000ff000000)
  to   space 16384K, 0% used [0x00000000ff000000,0x00000000ff000000,0x0000000100000000)
 ParOldGen       total 91648K, used 75644K [0x00000000e0000000, 0x00000000e5980000, 0x00000000f5580000)
  object space 91648K, 82% used [0x00000000e0000000,0x00000000e49df190,0x00000000e5980000)
 Metaspace       used 57715K, capacity 58601K, committed 59136K, reserved 1099776K
  class space    used 7545K, capacity 7803K, committed 7936K, reserved 1048576K
}
Event: 31.246 GC heap before
{Heap before GC invocations=94 (full 3):
 PSYoungGen      total 158208K, used 16357K [0x00000000f5580000, 0x0000000100000000, 0x0000000100000000)
  eden space 141824K, 0% used [0x00000000f5580000,0x00000000f5580000,0x00000000fe000000)
  from space 16384K, 99% used [0x00000000fe000000,0x00000000feff9538,0x00000000ff000000)
  to   space 16384K, 0% used [0x00000000ff000000,0x00000000ff000000,0x0000000100000000)
 ParOldGen       total 91648K, used 75644K [0x00000000e0000000, 0x00000000e5980000, 0x00000000f5580000)
  object space 91648K, 82% used [0x00000000e0000000,0x00000000e49df190,0x00000000e5980000)
 Metaspace       used 57715K, capacity 58601K, committed 59136K, reserved 1099776K
  class space    used 7545K, capacity 7803K, committed 7936K, reserved 1048576K
Event: 31.575 GC heap after
Heap after GC invocations=94 (full 3):
 PSYoungGen      total 158208K, used 0K [0x00000000f5580000, 0x0000000100000000, 0x0000000100000000)
  eden space 141824K, 0% used [0x00000000f5580000,0x00000000f5580000,0x00000000fe000000)
  from space 16384K, 0% used [0x00000000fe000000,0x00000000fe000000,0x00000000ff000000)
  to   space 16384K, 0% used [0x00000000ff000000,0x00000000ff000000,0x0000000100000000)
 ParOldGen       total 152064K, used 46842K [0x00000000e0000000, 0x00000000e9480000, 0x00000000f5580000)
  object space 152064K, 30% used [0x00000000e0000000,0x00000000e2dbe880,0x00000000e9480000)
 Metaspace       used 57715K, capacity 58601K, committed 59136K, reserved 1099776K
  class space    used 7545K, capacity 7803K, committed 7936K, reserved 1048576K
}
Event: 34.867 GC heap before
{Heap before GC invocations=95 (full 3):
 PSYoungGen      total 158208K, used 141824K [0x00000000f5580000, 0x0000000100000000, 0x0000000100000000)
  eden space 141824K, 100% used [0x00000000f5580000,0x00000000fe000000,0x00000000fe000000)
  from space 16384K, 0% used [0x00000000fe000000,0x00000000fe000000,0x00000000ff000000)
  to   space 16384K, 0% used [0x00000000ff000000,0x00000000ff000000,0x0000000100000000)
 ParOldGen       total 152064K, used 46842K [0x00000000e0000000, 0x00000000e9480000, 0x00000000f5580000)
  object space 152064K, 30% used [0x00000000e0000000,0x00000000e2dbe880,0x00000000e9480000)
 Metaspace       used 66916K, capacity 68165K, committed 68608K, reserved 1107968K
  class space    used 8822K, capacity 9183K, committed 9216K, reserved 1048576K
Event: 34.877 GC heap after
Heap after GC invocations=95 (full 3):
 PSYoungGen      total 146944K, used 16383K [0x00000000f5580000, 0x0000000100000000, 0x0000000100000000)
  eden space 130560K, 0% used [0x00000000f5580000,0x00000000f5580000,0x00000000fd500000)
  from space 16384K, 99% used [0x00000000ff000000,0x00000000fffffce8,0x0000000100000000)
  to   space 22016K, 0% used [0x00000000fd500000,0x00000000fd500000,0x00000000fea80000)
 ParOldGen       total 152064K, used 47491K [0x00000000e0000000, 0x00000000e9480000, 0x00000000f5580000)
  object space 152064K, 31% used [0x00000000e0000000,0x00000000e2e60ce8,0x00000000e9480000)
 Metaspace       used 66916K, capacity 68165K, committed 68608K, reserved 1107968K
  class space    used 8822K, capacity 9183K, committed 9216K, reserved 1048576K
}

